<?xml version="1.0" encoding="UTF-8"?>
<!-- Generated by org.testng.reporters.JUnitReportReporter -->
<testsuite hostname="DESKTOP-7E3S1M8" failures="0" tests="1" name="org.example.testRunner.Runner" time="15.728" errors="0" timestamp="2023-08-02T21:51:01 AST" skipped="0">
  <testcase classname="org.example.testRunner.Runner" name="runScenario" time="15.728"/>
  <system-out/>
</testsuite> <!-- org.example.testRunner.Runner -->
